0 info it worked if it ends with ok
1 verbose cli [ 'node', '/usr/local/bin/npm', 'update' ]
2 info using npm@2.11.3
3 info using node@v0.12.7
4 silly mapToRegistry name del
5 silly mapToRegistry using default registry
6 silly mapToRegistry registry https://registry.npmjs.org/
7 silly mapToRegistry uri https://registry.npmjs.org/del
8 silly mapToRegistry name gulp
9 silly mapToRegistry using default registry
10 silly mapToRegistry registry https://registry.npmjs.org/
11 silly mapToRegistry uri https://registry.npmjs.org/gulp
12 silly mapToRegistry name gulp-autoprefixer
13 silly mapToRegistry using default registry
14 silly mapToRegistry registry https://registry.npmjs.org/
15 silly mapToRegistry uri https://registry.npmjs.org/gulp-autoprefixer
16 silly mapToRegistry name gulp-cache
17 silly mapToRegistry using default registry
18 silly mapToRegistry registry https://registry.npmjs.org/
19 silly mapToRegistry uri https://registry.npmjs.org/gulp-cache
20 silly mapToRegistry name gulp-concat
21 silly mapToRegistry using default registry
22 silly mapToRegistry registry https://registry.npmjs.org/
23 silly mapToRegistry uri https://registry.npmjs.org/gulp-concat
24 silly mapToRegistry name gulp-imagemin
25 silly mapToRegistry using default registry
26 silly mapToRegistry registry https://registry.npmjs.org/
27 silly mapToRegistry uri https://registry.npmjs.org/gulp-imagemin
28 silly mapToRegistry name gulp-jshint
29 silly mapToRegistry using default registry
30 silly mapToRegistry registry https://registry.npmjs.org/
31 silly mapToRegistry uri https://registry.npmjs.org/gulp-jshint
32 silly mapToRegistry name gulp-livereload
33 silly mapToRegistry using default registry
34 silly mapToRegistry registry https://registry.npmjs.org/
35 silly mapToRegistry uri https://registry.npmjs.org/gulp-livereload
36 silly mapToRegistry name gulp-minify-css
37 silly mapToRegistry using default registry
38 silly mapToRegistry registry https://registry.npmjs.org/
39 silly mapToRegistry uri https://registry.npmjs.org/gulp-minify-css
40 silly mapToRegistry name gulp-notify
41 silly mapToRegistry using default registry
42 silly mapToRegistry registry https://registry.npmjs.org/
43 silly mapToRegistry uri https://registry.npmjs.org/gulp-notify
44 silly mapToRegistry name gulp-rename
45 silly mapToRegistry using default registry
46 silly mapToRegistry registry https://registry.npmjs.org/
47 silly mapToRegistry uri https://registry.npmjs.org/gulp-rename
48 silly mapToRegistry name gulp-ruby-sass
49 silly mapToRegistry using default registry
50 silly mapToRegistry registry https://registry.npmjs.org/
51 silly mapToRegistry uri https://registry.npmjs.org/gulp-ruby-sass
52 silly mapToRegistry name gulp-uglify
53 silly mapToRegistry using default registry
54 silly mapToRegistry registry https://registry.npmjs.org/
55 silly mapToRegistry uri https://registry.npmjs.org/gulp-uglify
56 verbose request uri https://registry.npmjs.org/del
57 verbose request no auth needed
58 info attempt registry request try #1 at 11:09:12 PM
59 verbose request id d7cec27135c14565
60 verbose etag "8LN5N1L2LGUDL1KLDFY9G2WZR"
61 http request GET https://registry.npmjs.org/del
62 verbose request uri https://registry.npmjs.org/gulp-autoprefixer
63 verbose request no auth needed
64 info attempt registry request try #1 at 11:09:12 PM
65 verbose etag "6Q5I48U8WYQ31A6A8ZFG8T2L9"
66 http request GET https://registry.npmjs.org/gulp-autoprefixer
67 verbose request uri https://registry.npmjs.org/gulp-concat
68 verbose request no auth needed
69 info attempt registry request try #1 at 11:09:12 PM
70 verbose etag "4UN3S2SM9OK6H3IY80RTHZVUR"
71 http request GET https://registry.npmjs.org/gulp-concat
72 verbose request uri https://registry.npmjs.org/gulp-cache
73 verbose request no auth needed
74 info attempt registry request try #1 at 11:09:12 PM
75 verbose etag "B6VMQU1LZ4CR4JPYS3ZHE93N5"
76 http request GET https://registry.npmjs.org/gulp-cache
77 verbose request uri https://registry.npmjs.org/gulp
78 verbose request no auth needed
79 info attempt registry request try #1 at 11:09:12 PM
80 verbose etag "EMRFNUW0NKCOTGYR7C92W2O0F"
81 http request GET https://registry.npmjs.org/gulp
82 verbose request uri https://registry.npmjs.org/gulp-imagemin
83 verbose request no auth needed
84 info attempt registry request try #1 at 11:09:12 PM
85 verbose etag "1WG9Z8Z0UE5VC94PTJKGHTBU6"
86 http request GET https://registry.npmjs.org/gulp-imagemin
87 verbose request uri https://registry.npmjs.org/gulp-minify-css
88 verbose request no auth needed
89 info attempt registry request try #1 at 11:09:12 PM
90 verbose etag "145QM7AZXOIJJGDI4B1U33FEY"
91 http request GET https://registry.npmjs.org/gulp-minify-css
92 verbose request uri https://registry.npmjs.org/gulp-livereload
93 verbose request no auth needed
94 info attempt registry request try #1 at 11:09:12 PM
95 verbose etag "5A83T0UKZUWEQBBX15FOBUVZD"
96 http request GET https://registry.npmjs.org/gulp-livereload
97 verbose request uri https://registry.npmjs.org/gulp-jshint
98 verbose request no auth needed
99 info attempt registry request try #1 at 11:09:12 PM
100 verbose etag "DKSV1QZ93IEWCJI0K5FI6S5L7"
101 http request GET https://registry.npmjs.org/gulp-jshint
102 verbose request uri https://registry.npmjs.org/gulp-rename
103 verbose request no auth needed
104 info attempt registry request try #1 at 11:09:12 PM
105 verbose etag "3JMXNRWYEK8HQ00PZ1CNFJ1Q2"
106 http request GET https://registry.npmjs.org/gulp-rename
107 verbose request uri https://registry.npmjs.org/gulp-notify
108 verbose request no auth needed
109 info attempt registry request try #1 at 11:09:12 PM
110 verbose etag "DDYOYGE512523EJVHXKP1P59Q"
111 http request GET https://registry.npmjs.org/gulp-notify
112 verbose request uri https://registry.npmjs.org/gulp-ruby-sass
113 verbose request no auth needed
114 info attempt registry request try #1 at 11:09:12 PM
115 verbose etag "471XKK8SYAPHLU41PSX12KPT8"
116 http request GET https://registry.npmjs.org/gulp-ruby-sass
117 verbose request uri https://registry.npmjs.org/gulp-uglify
118 verbose request no auth needed
119 info attempt registry request try #1 at 11:09:12 PM
120 verbose etag "BD4P6J7DORESOCXU9BDLBA39L"
121 http request GET https://registry.npmjs.org/gulp-uglify
122 http 304 https://registry.npmjs.org/del
123 silly get cb [ 304,
123 silly get   { date: 'Fri, 10 Jul 2015 03:09:13 GMT',
123 silly get     via: '1.1 varnish',
123 silly get     'cache-control': 'max-age=60',
123 silly get     etag: '"8LN5N1L2LGUDL1KLDFY9G2WZR"',
123 silly get     age: '39',
123 silly get     connection: 'keep-alive',
123 silly get     'x-served-by': 'cache-iad2120-IAD',
123 silly get     'x-cache': 'HIT',
123 silly get     'x-cache-hits': '1',
123 silly get     'x-timer': 'S1436497753.177670,VS0,VE0',
123 silly get     vary: 'Accept' } ]
124 verbose etag https://registry.npmjs.org/del from cache
125 verbose get saving del to /Users/Alex/.npm/registry.npmjs.org/del/.cache.json
126 http 304 https://registry.npmjs.org/gulp
127 silly get cb [ 304,
127 silly get   { date: 'Fri, 10 Jul 2015 03:09:13 GMT',
127 silly get     via: '1.1 varnish',
127 silly get     'cache-control': 'max-age=60',
127 silly get     etag: '"EMRFNUW0NKCOTGYR7C92W2O0F"',
127 silly get     age: '28',
127 silly get     connection: 'keep-alive',
127 silly get     'x-served-by': 'cache-iad2138-IAD',
127 silly get     'x-cache': 'HIT',
127 silly get     'x-cache-hits': '1',
127 silly get     'x-timer': 'S1436497753.188004,VS0,VE0',
127 silly get     vary: 'Accept' } ]
128 verbose etag https://registry.npmjs.org/gulp from cache
129 verbose get saving gulp to /Users/Alex/.npm/registry.npmjs.org/gulp/.cache.json
130 http 304 https://registry.npmjs.org/gulp-uglify
131 silly get cb [ 304,
131 silly get   { date: 'Fri, 10 Jul 2015 03:09:13 GMT',
131 silly get     via: '1.1 varnish',
131 silly get     'cache-control': 'max-age=60',
131 silly get     etag: '"BD4P6J7DORESOCXU9BDLBA39L"',
131 silly get     age: '39',
131 silly get     connection: 'keep-alive',
131 silly get     'x-served-by': 'cache-iad2127-IAD',
131 silly get     'x-cache': 'HIT',
131 silly get     'x-cache-hits': '1',
131 silly get     'x-timer': 'S1436497753.193479,VS0,VE0',
131 silly get     vary: 'Accept' } ]
132 verbose etag https://registry.npmjs.org/gulp-uglify from cache
133 verbose get saving gulp-uglify to /Users/Alex/.npm/registry.npmjs.org/gulp-uglify/.cache.json
134 http 304 https://registry.npmjs.org/gulp-notify
135 silly get cb [ 304,
135 silly get   { date: 'Fri, 10 Jul 2015 03:09:13 GMT',
135 silly get     via: '1.1 varnish',
135 silly get     'cache-control': 'max-age=60',
135 silly get     etag: '"DDYOYGE512523EJVHXKP1P59Q"',
135 silly get     age: '39',
135 silly get     connection: 'keep-alive',
135 silly get     'x-served-by': 'cache-iad2133-IAD',
135 silly get     'x-cache': 'HIT',
135 silly get     'x-cache-hits': '1',
135 silly get     'x-timer': 'S1436497753.193473,VS0,VE0',
135 silly get     vary: 'Accept' } ]
136 verbose etag https://registry.npmjs.org/gulp-notify from cache
137 verbose get saving gulp-notify to /Users/Alex/.npm/registry.npmjs.org/gulp-notify/.cache.json
138 http 304 https://registry.npmjs.org/gulp-cache
139 silly get cb [ 304,
139 silly get   { date: 'Fri, 10 Jul 2015 03:09:13 GMT',
139 silly get     via: '1.1 varnish',
139 silly get     'cache-control': 'max-age=60',
139 silly get     etag: '"B6VMQU1LZ4CR4JPYS3ZHE93N5"',
139 silly get     age: '0',
139 silly get     connection: 'keep-alive',
139 silly get     'x-served-by': 'cache-iad2147-IAD',
139 silly get     'x-cache': 'HIT',
139 silly get     'x-cache-hits': '1',
139 silly get     'x-timer': 'S1436497753.187134,VS0,VE56',
139 silly get     vary: 'Accept' } ]
140 verbose etag https://registry.npmjs.org/gulp-cache from cache
141 verbose get saving gulp-cache to /Users/Alex/.npm/registry.npmjs.org/gulp-cache/.cache.json
142 http 304 https://registry.npmjs.org/gulp-autoprefixer
143 silly get cb [ 304,
143 silly get   { date: 'Fri, 10 Jul 2015 03:09:13 GMT',
143 silly get     via: '1.1 varnish',
143 silly get     'cache-control': 'max-age=60',
143 silly get     etag: '"6Q5I48U8WYQ31A6A8ZFG8T2L9"',
143 silly get     age: '0',
143 silly get     connection: 'keep-alive',
143 silly get     'x-served-by': 'cache-iad2139-IAD',
143 silly get     'x-cache': 'HIT',
143 silly get     'x-cache-hits': '1',
143 silly get     'x-timer': 'S1436497753.187291,VS0,VE56',
143 silly get     vary: 'Accept' } ]
144 verbose etag https://registry.npmjs.org/gulp-autoprefixer from cache
145 verbose get saving gulp-autoprefixer to /Users/Alex/.npm/registry.npmjs.org/gulp-autoprefixer/.cache.json
146 http 304 https://registry.npmjs.org/gulp-jshint
147 silly get cb [ 304,
147 silly get   { date: 'Fri, 10 Jul 2015 03:09:13 GMT',
147 silly get     via: '1.1 varnish',
147 silly get     'cache-control': 'max-age=60',
147 silly get     etag: '"DKSV1QZ93IEWCJI0K5FI6S5L7"',
147 silly get     age: '0',
147 silly get     connection: 'keep-alive',
147 silly get     'x-served-by': 'cache-iad2123-IAD',
147 silly get     'x-cache': 'HIT',
147 silly get     'x-cache-hits': '1',
147 silly get     'x-timer': 'S1436497753.193460,VS0,VE57',
147 silly get     vary: 'Accept' } ]
148 verbose etag https://registry.npmjs.org/gulp-jshint from cache
149 verbose get saving gulp-jshint to /Users/Alex/.npm/registry.npmjs.org/gulp-jshint/.cache.json
150 silly cache add args [ 'gulp-jshint', '^2.11.3' ]
151 verbose cache add spec gulp-jshint@^2.11.3
152 silly cache add parsed spec { raw: 'gulp-jshint@^2.11.3',
152 silly cache add   scope: null,
152 silly cache add   name: 'gulp-jshint',
152 silly cache add   rawSpec: '^2.11.3',
152 silly cache add   spec: '>=2.11.3 <3.0.0',
152 silly cache add   type: 'range' }
153 silly addNamed gulp-jshint@>=2.11.3 <3.0.0
154 verbose addNamed ">=2.11.3 <3.0.0" is a valid semver range for gulp-jshint
155 silly addNameRange { name: 'gulp-jshint', range: '>=2.11.3 <3.0.0', hasData: false }
156 silly mapToRegistry name gulp-jshint
157 silly mapToRegistry using default registry
158 silly mapToRegistry registry https://registry.npmjs.org/
159 silly mapToRegistry uri https://registry.npmjs.org/gulp-jshint
160 verbose addNameRange registry:https://registry.npmjs.org/gulp-jshint not in flight; fetching
161 verbose get https://registry.npmjs.org/gulp-jshint not expired, no request
162 silly addNameRange number 2 { name: 'gulp-jshint', range: '>=2.11.3 <3.0.0', hasData: true }
163 silly addNameRange versions [ 'gulp-jshint',
163 silly addNameRange   [ '0.0.1',
163 silly addNameRange     '0.1.0',
163 silly addNameRange     '1.0.0',
163 silly addNameRange     '1.1.0',
163 silly addNameRange     '1.2.0',
163 silly addNameRange     '1.3.0',
163 silly addNameRange     '1.3.1',
163 silly addNameRange     '1.3.2',
163 silly addNameRange     '1.3.3',
163 silly addNameRange     '1.3.4',
163 silly addNameRange     '1.4.0',
163 silly addNameRange     '1.4.1',
163 silly addNameRange     '1.4.2',
163 silly addNameRange     '1.5.0',
163 silly addNameRange     '1.5.1',
163 silly addNameRange     '1.5.2',
163 silly addNameRange     '1.5.3',
163 silly addNameRange     '1.5.4',
163 silly addNameRange     '1.5.5',
163 silly addNameRange     '1.5.6',
163 silly addNameRange     '1.6.0',
163 silly addNameRange     '1.6.1',
163 silly addNameRange     '1.6.2',
163 silly addNameRange     '1.6.3',
163 silly addNameRange     '1.6.4',
163 silly addNameRange     '1.7.0',
163 silly addNameRange     '1.7.1',
163 silly addNameRange     '1.8.0',
163 silly addNameRange     '1.8.1',
163 silly addNameRange     '1.8.2',
163 silly addNameRange     '1.8.3',
163 silly addNameRange     '1.8.4',
163 silly addNameRange     '1.8.5',
163 silly addNameRange     '1.8.6',
163 silly addNameRange     '1.9.0',
163 silly addNameRange     '1.9.2',
163 silly addNameRange     '1.9.3',
163 silly addNameRange     '1.9.4',
163 silly addNameRange     '1.10.0',
163 silly addNameRange     '1.11.0',
163 silly addNameRange     '1.11.1',
163 silly addNameRange     '1.11.2' ] ]
164 http 304 https://registry.npmjs.org/gulp-livereload
165 silly get cb [ 304,
165 silly get   { date: 'Fri, 10 Jul 2015 03:09:13 GMT',
165 silly get     via: '1.1 varnish',
165 silly get     'cache-control': 'max-age=60',
165 silly get     etag: '"5A83T0UKZUWEQBBX15FOBUVZD"',
165 silly get     age: '0',
165 silly get     connection: 'keep-alive',
165 silly get     'x-served-by': 'cache-iad2121-IAD',
165 silly get     'x-cache': 'HIT',
165 silly get     'x-cache-hits': '1',
165 silly get     'x-timer': 'S1436497753.193676,VS0,VE86',
165 silly get     vary: 'Accept' } ]
166 verbose etag https://registry.npmjs.org/gulp-livereload from cache
167 verbose get saving gulp-livereload to /Users/Alex/.npm/registry.npmjs.org/gulp-livereload/.cache.json
168 http 304 https://registry.npmjs.org/gulp-rename
169 silly get cb [ 304,
169 silly get   { date: 'Fri, 10 Jul 2015 03:09:13 GMT',
169 silly get     via: '1.1 varnish',
169 silly get     'cache-control': 'max-age=60',
169 silly get     etag: '"3JMXNRWYEK8HQ00PZ1CNFJ1Q2"',
169 silly get     age: '39',
169 silly get     connection: 'keep-alive',
169 silly get     'x-served-by': 'cache-iad2146-IAD',
169 silly get     'x-cache': 'HIT',
169 silly get     'x-cache-hits': '1',
169 silly get     'x-timer': 'S1436497753.506487,VS0,VE0',
169 silly get     vary: 'Accept' } ]
170 verbose etag https://registry.npmjs.org/gulp-rename from cache
171 verbose get saving gulp-rename to /Users/Alex/.npm/registry.npmjs.org/gulp-rename/.cache.json
172 http 304 https://registry.npmjs.org/gulp-imagemin
173 silly get cb [ 304,
173 silly get   { date: 'Fri, 10 Jul 2015 03:09:13 GMT',
173 silly get     via: '1.1 varnish',
173 silly get     'cache-control': 'max-age=60',
173 silly get     etag: '"1WG9Z8Z0UE5VC94PTJKGHTBU6"',
173 silly get     age: '0',
173 silly get     connection: 'keep-alive',
173 silly get     'x-served-by': 'cache-iad2131-IAD',
173 silly get     'x-cache': 'HIT',
173 silly get     'x-cache-hits': '1',
173 silly get     'x-timer': 'S1436497753.187359,VS0,VE348',
173 silly get     vary: 'Accept' } ]
174 verbose etag https://registry.npmjs.org/gulp-imagemin from cache
175 verbose get saving gulp-imagemin to /Users/Alex/.npm/registry.npmjs.org/gulp-imagemin/.cache.json
176 http 304 https://registry.npmjs.org/gulp-concat
177 silly get cb [ 304,
177 silly get   { date: 'Fri, 10 Jul 2015 03:09:13 GMT',
177 silly get     via: '1.1 varnish',
177 silly get     'cache-control': 'max-age=60',
177 silly get     etag: '"4UN3S2SM9OK6H3IY80RTHZVUR"',
177 silly get     age: '0',
177 silly get     connection: 'keep-alive',
177 silly get     'x-served-by': 'cache-iad2125-IAD',
177 silly get     'x-cache': 'HIT',
177 silly get     'x-cache-hits': '1',
177 silly get     'x-timer': 'S1436497753.187247,VS0,VE372',
177 silly get     vary: 'Accept' } ]
178 verbose etag https://registry.npmjs.org/gulp-concat from cache
179 verbose get saving gulp-concat to /Users/Alex/.npm/registry.npmjs.org/gulp-concat/.cache.json
180 http 304 https://registry.npmjs.org/gulp-ruby-sass
181 silly get cb [ 304,
181 silly get   { date: 'Fri, 10 Jul 2015 03:09:13 GMT',
181 silly get     via: '1.1 varnish',
181 silly get     'cache-control': 'max-age=60',
181 silly get     etag: '"471XKK8SYAPHLU41PSX12KPT8"',
181 silly get     age: '0',
181 silly get     connection: 'keep-alive',
181 silly get     'x-served-by': 'cache-iad2132-IAD',
181 silly get     'x-cache': 'HIT',
181 silly get     'x-cache-hits': '1',
181 silly get     'x-timer': 'S1436497753.185213,VS0,VE375',
181 silly get     vary: 'Accept' } ]
182 verbose etag https://registry.npmjs.org/gulp-ruby-sass from cache
183 verbose get saving gulp-ruby-sass to /Users/Alex/.npm/registry.npmjs.org/gulp-ruby-sass/.cache.json
184 http 304 https://registry.npmjs.org/gulp-minify-css
185 silly get cb [ 304,
185 silly get   { date: 'Fri, 10 Jul 2015 03:09:13 GMT',
185 silly get     via: '1.1 varnish',
185 silly get     'cache-control': 'max-age=60',
185 silly get     etag: '"145QM7AZXOIJJGDI4B1U33FEY"',
185 silly get     age: '0',
185 silly get     connection: 'keep-alive',
185 silly get     'x-served-by': 'cache-iad2140-IAD',
185 silly get     'x-cache': 'HIT',
185 silly get     'x-cache-hits': '1',
185 silly get     'x-timer': 'S1436497753.512891,VS0,VE60',
185 silly get     vary: 'Accept' } ]
186 verbose etag https://registry.npmjs.org/gulp-minify-css from cache
187 verbose get saving gulp-minify-css to /Users/Alex/.npm/registry.npmjs.org/gulp-minify-css/.cache.json
188 verbose stack Error: No compatible version found: gulp-jshint@'>=2.11.3 <3.0.0'
188 verbose stack Valid install targets:
188 verbose stack ["0.0.1","0.1.0","1.0.0","1.1.0","1.2.0","1.3.0","1.3.1","1.3.2","1.3.3","1.3.4","1.4.0","1.4.1","1.4.2","1.5.0","1.5.1","1.5.2","1.5.3","1.5.4","1.5.5","1.5.6","1.6.0","1.6.1","1.6.2","1.6.3","1.6.4","1.7.0","1.7.1","1.8.0","1.8.1","1.8.2","1.8.3","1.8.4","1.8.5","1.8.6","1.9.0","1.9.2","1.9.3","1.9.4","1.10.0","1.11.0","1.11.1","1.11.2"]
188 verbose stack
188 verbose stack     at installTargetsError (/usr/local/lib/node_modules/npm/lib/cache/add-named.js:274:12)
188 verbose stack     at next (/usr/local/lib/node_modules/npm/lib/cache/add-named.js:253:17)
188 verbose stack     at setData (/usr/local/lib/node_modules/npm/lib/cache/add-named.js:230:5)
188 verbose stack     at RES (/usr/local/lib/node_modules/npm/node_modules/inflight/inflight.js:23:14)
188 verbose stack     at f (/usr/local/lib/node_modules/npm/node_modules/once/once.js:17:25)
188 verbose stack     at fixName (/usr/local/lib/node_modules/npm/lib/cache/add-named.js:29:5)
188 verbose stack     at CachingRegistryClient.get_ (/usr/local/lib/node_modules/npm/lib/cache/caching-client.js:125:16)
188 verbose stack     at /usr/local/lib/node_modules/npm/lib/cache/caching-client.js:91:14
188 verbose stack     at evalmachine.<anonymous>:334:14
188 verbose stack     at /usr/local/lib/node_modules/npm/node_modules/graceful-fs/graceful-fs.js:102:5
189 verbose cwd /Users/Alex/Sites/ilcm-wordpress
190 error Darwin 14.4.0
191 error argv "node" "/usr/local/bin/npm" "update"
192 error node v0.12.7
193 error npm  v2.11.3
194 error code ETARGET
195 error notarget No compatible version found: gulp-jshint@'>=2.11.3 <3.0.0'
195 error notarget Valid install targets:
195 error notarget ["0.0.1","0.1.0","1.0.0","1.1.0","1.2.0","1.3.0","1.3.1","1.3.2","1.3.3","1.3.4","1.4.0","1.4.1","1.4.2","1.5.0","1.5.1","1.5.2","1.5.3","1.5.4","1.5.5","1.5.6","1.6.0","1.6.1","1.6.2","1.6.3","1.6.4","1.7.0","1.7.1","1.8.0","1.8.1","1.8.2","1.8.3","1.8.4","1.8.5","1.8.6","1.9.0","1.9.2","1.9.3","1.9.4","1.10.0","1.11.0","1.11.1","1.11.2"]
195 error notarget
195 error notarget This is most likely not a problem with npm itself.
195 error notarget In most cases you or one of your dependencies are requesting
195 error notarget a package version that doesn't exist.
196 verbose exit [ 1, true ]
